TN:
SF:src\app\core\services\auth.service.ts
FN:45,(anonymous_0)
FN:42,(anonymous_1)
FN:43,(anonymous_2)
FN:54,(anonymous_3)
FN:58,(anonymous_4)
FN:63,(anonymous_5)
FN:70,(anonymous_6)
FN:74,(anonymous_7)
FN:76,(anonymous_8)
FN:83,(anonymous_9)
FN:85,(anonymous_10)
FN:92,(anonymous_11)
FN:96,(anonymous_12)
FN:100,(anonymous_13)
FN:106,(anonymous_14)
FN:111,(anonymous_15)
FN:113,(anonymous_16)
FN:117,(anonymous_17)
FN:121,(anonymous_18)
FNF:19
FNH:17
FNDA:33,(anonymous_0)
FNDA:5,(anonymous_1)
FNDA:5,(anonymous_2)
FNDA:33,(anonymous_3)
FNDA:14,(anonymous_4)
FNDA:7,(anonymous_5)
FNDA:1,(anonymous_6)
FNDA:15,(anonymous_7)
FNDA:11,(anonymous_8)
FNDA:6,(anonymous_9)
FNDA:3,(anonymous_10)
FNDA:0,(anonymous_11)
FNDA:0,(anonymous_12)
FNDA:6,(anonymous_13)
FNDA:6,(anonymous_14)
FNDA:3,(anonymous_15)
FNDA:2,(anonymous_16)
FNDA:10,(anonymous_17)
FNDA:4,(anonymous_18)
DA:37,1
DA:38,33
DA:39,33
DA:40,33
DA:42,33
DA:43,33
DA:46,33
DA:47,33
DA:55,33
DA:59,14
DA:60,14
DA:64,7
DA:65,7
DA:66,7
DA:71,1
DA:75,15
DA:77,11
DA:78,11
DA:84,6
DA:86,3
DA:87,3
DA:93,0
DA:97,0
DA:101,6
DA:102,6
DA:103,6
DA:104,0
DA:106,6
DA:107,6
DA:108,6
DA:112,3
DA:113,2
DA:118,10
DA:122,4
LF:34
LH:31
BRDA:103,0,0,0
BRF:1
BRH:0
end_of_record
TN:
SF:src\app\features\auth\login.component.ts
FN:26,(anonymous_0)
FN:30,(anonymous_1)
FN:34,(anonymous_2)
FN:38,(anonymous_3)
FN:46,(anonymous_4)
FN:52,(anonymous_5)
FN:58,(anonymous_6)
FN:64,(anonymous_7)
FN:68,(anonymous_8)
FNF:9
FNH:9
FNDA:57,(anonymous_0)
FNDA:57,(anonymous_1)
FNDA:3,(anonymous_2)
FNDA:28,(anonymous_3)
FNDA:29,(anonymous_4)
FNDA:12,(anonymous_5)
FNDA:6,(anonymous_6)
FNDA:4,(anonymous_7)
FNDA:6,(anonymous_8)
DA:15,1
DA:16,28
DA:21,28
DA:22,28
DA:23,28
DA:24,28
DA:27,57
DA:31,57
DA:35,3
DA:39,28
DA:40,28
DA:41,28
DA:42,28
DA:43,28
DA:47,29
DA:48,1
DA:53,12
DA:54,10
DA:55,10
DA:56,10
DA:57,10
DA:59,6
DA:61,6
DA:62,6
DA:65,4
DA:66,4
DA:68,6
LF:27
LH:27
BRDA:47,0,0,1
BRDA:53,1,0,2
BRDA:53,2,0,12
BRDA:53,2,1,11
BRDA:59,3,0,6
BRDA:59,3,1,4
BRDA:61,4,0,5
BRDA:61,4,1,1
BRDA:66,5,0,4
BRDA:66,5,1,2
BRDA:66,5,2,1
BRF:11
BRH:11
end_of_record
TN:
SF:src\app\features\auth\register.component.ts
FN:30,(anonymous_0)
FN:37,(anonymous_1)
FN:43,(anonymous_2)
FN:47,(anonymous_3)
FN:51,(anonymous_4)
FN:55,(anonymous_5)
FN:59,(anonymous_6)
FN:63,(anonymous_7)
FN:67,(anonymous_8)
FN:72,(anonymous_9)
FN:73,(anonymous_10)
FNF:11
FNH:11
FNDA:34,(anonymous_0)
FNDA:225,(anonymous_1)
FNDA:69,(anonymous_2)
FNDA:69,(anonymous_3)
FNDA:69,(anonymous_4)
FNDA:137,(anonymous_5)
FNDA:3,(anonymous_6)
FNDA:1,(anonymous_7)
FNDA:10,(anonymous_8)
FNDA:3,(anonymous_9)
FNDA:5,(anonymous_10)
DA:15,1
DA:16,34
DA:25,34
DA:26,34
DA:27,34
DA:28,34
DA:31,34
DA:32,34
DA:33,34
DA:34,34
DA:38,225
DA:39,225
DA:40,225
DA:44,69
DA:48,69
DA:52,69
DA:56,137
DA:60,3
DA:64,1
DA:68,10
DA:69,8
DA:70,8
DA:71,8
DA:72,3
DA:74,5
DA:75,5
DA:77,5
DA:82,5
LF:28
LH:28
BRDA:40,0,0,13
BRDA:40,0,1,212
BRDA:40,1,0,225
BRDA:40,1,1,16
BRDA:40,1,2,14
BRDA:68,2,0,2
BRDA:68,3,0,10
BRDA:68,3,1,9
BRDA:77,4,0,5
BRDA:77,4,1,4
BRDA:77,4,2,4
BRDA:77,4,3,3
BRDA:77,4,4,1
BRDA:77,4,5,2
BRDA:77,4,6,1
BRDA:77,4,7,1
BRDA:77,4,8,1
BRF:17
BRH:17
end_of_record
